<?xml version="1.0" encoding="UTF-8"?>
<testsuite xmlns:xsi="http://www.w3.org/2001/XMLSchema-instance" xsi:noNamespaceSchemaLocation="https://maven.apache.org/surefire/maven-surefire-plugin/xsd/surefire-test-report.xsd" name="edu.cmu.cs.cloud.RedisTest" time="0.041" tests="11" errors="7" skipped="0" failures="0">
  <properties>
[...]
</properties>
  <testcase name="del" classname="edu.cmu.cs.cloud.RedisTest" time="0"/>
  <testcase name="get" classname="edu.cmu.cs.cloud.RedisTest" time="0"/>
  <testcase name="set" classname="edu.cmu.cs.cloud.RedisTest" time="0"/>
  <testcase name="hget" classname="edu.cmu.cs.cloud.RedisTest" time="0.016">
    <error message="add test cases on your own" type="java.lang.RuntimeException">java.lang.RuntimeException: add test cases on your own
	at edu.cmu.cs.cloud.RedisTest.hget(RedisTest.java:111)
</error>
  </testcase>
  <testcase name="hset" classname="edu.cmu.cs.cloud.RedisTest" time="0.01">
    <error message="add test cases on your own" type="java.lang.RuntimeException">java.lang.RuntimeException: add test cases on your own
	at edu.cmu.cs.cloud.RedisTest.hset(RedisTest.java:106)
</error>
  </testcase>
  <testcase name="llen" classname="edu.cmu.cs.cloud.RedisTest" time="0">
    <error message="add test cases on your own" type="java.lang.RuntimeException">java.lang.RuntimeException: add test cases on your own
	at edu.cmu.cs.cloud.RedisTest.llen(RedisTest.java:121)
</error>
  </testcase>
  <testcase name="rpop" classname="edu.cmu.cs.cloud.RedisTest" time="0.002">
    <error message="add test cases on your own" type="java.lang.RuntimeException">java.lang.RuntimeException: add test cases on your own
	at edu.cmu.cs.cloud.RedisTest.rpop(RedisTest.java:131)
</error>
  </testcase>
  <testcase name="type" classname="edu.cmu.cs.cloud.RedisTest" time="0.001">
    <error message="Waiting to be implemented" type="java.lang.UnsupportedOperationException">java.lang.UnsupportedOperationException: Waiting to be implemented
	at edu.cmu.cs.cloud.RedisTest.type(RedisTest.java:47)
</error>
  </testcase>
  <testcase name="rpush" classname="edu.cmu.cs.cloud.RedisTest" time="0">
    <error message="add test cases on your own" type="java.lang.RuntimeException">java.lang.RuntimeException: add test cases on your own
	at edu.cmu.cs.cloud.RedisTest.rpush(RedisTest.java:126)
</error>
  </testcase>
  <testcase name="checkType" classname="edu.cmu.cs.cloud.RedisTest" time="0.001"/>
  <testcase name="hgetall" classname="edu.cmu.cs.cloud.RedisTest" time="0.002">
    <error message="add test cases on your own" type="java.lang.RuntimeException">java.lang.RuntimeException: add test cases on your own
	at edu.cmu.cs.cloud.RedisTest.hgetall(RedisTest.java:116)
</error>
  </testcase>
</testsuite>